d:\universty data\3 semester\dsa\aircraft landing and take off\x64\debug\vc143.pdb
d:\universty data\3 semester\dsa\aircraft landing and take off\x64\debug\vc143.idb
d:\universty data\3 semester\dsa\aircraft landing and take off\x64\debug\userinterface.obj
d:\universty data\3 semester\dsa\aircraft landing and take off\x64\debug\timer.obj
d:\universty data\3 semester\dsa\aircraft landing and take off\x64\debug\statistics.obj
d:\universty data\3 semester\dsa\aircraft landing and take off\x64\debug\simulationmanager.obj
d:\universty data\3 semester\dsa\aircraft landing and take off\x64\debug\runway.obj
d:\universty data\3 semester\dsa\aircraft landing and take off\x64\debug\queue.obj
d:\universty data\3 semester\dsa\aircraft landing and take off\x64\debug\logger.obj
d:\universty data\3 semester\dsa\aircraft landing and take off\x64\debug\idcodegenerator.obj
d:\universty data\3 semester\dsa\aircraft landing and take off\x64\debug\crashhandling.obj
d:\universty data\3 semester\dsa\aircraft landing and take off\x64\debug\aircraft.obj
d:\universty data\3 semester\dsa\aircraft landing and take off\x64\debug\aircraft landing and take off.obj
d:\universty data\3 semester\dsa\aircraft landing and take off\x64\debug\aircraft landing and take off.pdb
d:\universty data\3 semester\dsa\aircraft landing and take off\x64\debug\aircraft.ae35051f.tlog\cl.command.1.tlog
d:\universty data\3 semester\dsa\aircraft landing and take off\x64\debug\aircraft.ae35051f.tlog\cl.read.1.tlog
d:\universty data\3 semester\dsa\aircraft landing and take off\x64\debug\aircraft.ae35051f.tlog\cl.write.1.tlog
d:\universty data\3 semester\dsa\aircraft landing and take off\x64\debug\aircraft.ae35051f.tlog\link-cvtres.read.1.tlog
d:\universty data\3 semester\dsa\aircraft landing and take off\x64\debug\aircraft.ae35051f.tlog\link-cvtres.write.1.tlog
d:\universty data\3 semester\dsa\aircraft landing and take off\x64\debug\aircraft.ae35051f.tlog\link-rc.read.1.tlog
d:\universty data\3 semester\dsa\aircraft landing and take off\x64\debug\aircraft.ae35051f.tlog\link-rc.write.1.tlog
d:\universty data\3 semester\dsa\aircraft landing and take off\x64\debug\aircraft.ae35051f.tlog\link.command.1.tlog
d:\universty data\3 semester\dsa\aircraft landing and take off\x64\debug\aircraft.ae35051f.tlog\link.read.1.tlog
d:\universty data\3 semester\dsa\aircraft landing and take off\x64\debug\aircraft.ae35051f.tlog\link.read.2.tlog
d:\universty data\3 semester\dsa\aircraft landing and take off\x64\debug\aircraft.ae35051f.tlog\link.read.3.tlog
d:\universty data\3 semester\dsa\aircraft landing and take off\x64\debug\aircraft.ae35051f.tlog\link.write.1.tlog
